[2014-03-24 12:06:01] NOTSET: CREATING KEYWORDS FOR RS: <built-in function id>
[2014-03-24 12:10:53] NOTSET: quote-3gram-idxdickensnon-quote-3gram-idxdickens
[2014-03-24 12:11:41] NOTSET: q u o t e - 3 g r a m - i d x d i c k e n s n o n - q u o t e - 3 g r a m - i d x d i c k e n s
[2014-03-24 12:11:59] NOTSET: q u o t e - 3 g r a m - i d x d i c k e n s n o n - q u o t e - 3 g r a m - i d x d i c k e n s
[2014-03-24 12:12:29] NOTSET: q u o t e - 3 g r a m - i d x d i c k e n s n o n - q u o t e - 3 g r a m - i d x d i c k e n s
[2014-03-24 12:13:04] NOTSET: quote-3gram-idx dickens non-quote-3gram-idx dickens
[2014-03-24 12:14:15] NOTSET: quote-3gram-idx dickens non-quote-3gram-idx dickens
[2014-03-24 12:15:46] NOTSET: q u o t e - 3 g r a m - i d x d i c k e n s n o n - q u o t e - 3 g r a m - i d x d i c k e n s
[2014-03-24 12:16:14] NOTSET: q u o t e - 3 g r a m - i d x d i c k e n s n o n - q u o t e - 3 g r a m - i d x d i c k e n s
[2014-03-24 12:16:47] NOTSET: q u o t e - 3 g r a m - i d x d i c k e n s n o n - q u o t e - 3 g r a m - i d x d i c k e n s
[2014-03-24 12:17:19] NOTSET: q u o t e - 3 g r a m - i d x d i c k e n s n o n - q u o t e - 3 g r a m - i d x d i c k e n s
[2014-03-24 12:17:27] NOTSET: q u o t e - 3 g r a m - i d x d i c k e n s n o n - q u o t e - 3 g r a m - i d x d i c k e n s
[2014-03-24 12:17:32] NOTSET: q u o t e - 3 g r a m - i d x d i c k e n s n o n - q u o t e - 3 g r a m - i d x d i c k e n s
[2014-03-24 12:18:07] NOTSET: q u o t e - 3 g r a m - i d x d i c k e n s n o n - q u o t e - 3 g r a m - i d x d i c k e n s
[2014-03-24 12:18:33] NOTSET: q u o t e - 3 g r a m - i d x d i c k e n s n o n - q u o t e - 3 g r a m - i d x d i c k e n s
[2014-03-24 12:19:40] NOTSET: q u o t e - 3 g r a m - i d x d i c k e n s n o n - q u o t e - 3 g r a m - i d x d i c k e n s
[2014-03-24 12:19:46] NOTSET: q u o t e - 3 g r a m - i d x d i c k e n s n o n - q u o t e - 3 g r a m - i d x d i c k e n s
[2014-03-24 12:20:13] NOTSET: q u o t e - 3 g r a m - i d x d i c k e n s n o n - q u o t e - 3 g r a m - i d x d i c k e n s
[2014-03-24 12:21:15] NOTSET: q u o t e - 3 g r a m - i d x d i c k e n s n o n - q u o t e - 3 g r a m - i d x d i c k e n s
[2014-03-24 12:22:52] NOTSET: q u o t e - 3 g r a m - i d x d i c k e n s n o n - q u o t e - 3 g r a m - i d x d i c k e n s
[2014-03-24 12:25:06] NOTSET: q u o t e - 3 g r a m - i d x d n o n - q u o t e - 3 g r a m - i d x d
[2014-03-24 12:25:46] NOTSET: q u o t e - 3 g r a m - i d x d i c k e n s n o n - q u o t e - 3 g r a m - i d x d i c k e n s
[2014-03-24 12:27:19] NOTSET: q u o t e - 3 g r a m - i d x B H n o n - q u o t e - 3 g r a m - i d x G E
[2014-03-24 12:29:02] NOTSET: q u o t e - 3 g r a m - i d x d i c k e n s n o n - q u o t e - 3 g r a m - i d x d i c k e n s
[2014-03-24 13:08:08] NOTSET: q u o t e - 3 g r a m - i d x d i c k e n s n o n - q u o t e - 3 g r a m - i d x d i c k e n s
[2014-03-24 13:24:55] NOTSET: q u o t e - 3 g r a m - i d x d n o n - q u o t e - 3 g r a m - i d x d i c k e n s
[2014-03-24 13:25:50] NOTSET: q u o t e - 3 g r a m - i d x d n o n - q u o t e - 3 g r a m - i d x d i c k e n s
[2014-03-24 13:27:30] NOTSET: q u o t e - 3 g r a m - i d x d n o n - q u o t e - 3 g r a m - i d x d i c k e n s
[2014-03-24 13:34:15] NOTSET: q u o t e - 3 g r a m - i d x d n o n - q u o t e - 3 g r a m - i d x d i c k e n s
[2014-03-24 13:34:15] NOTSET: q u o t e - 3 g r a m - i d x d n o n - q u o t e - 3 g r a m - i d x d i c k e n s
[2014-03-24 13:36:32] NOTSET: q u o t e - 3 g r a m - i d x d n o n - q u o t e - 3 g r a m - i d x d i c k e n s
[2014-03-24 14:04:53] NOTSET: q u o t e - 3 g r a m - i d x d n o n - q u o t e - 3 g r a m - i d x d i c k e n s
[2014-03-24 14:04:53] NOTSET: q u o t e - 3 g r a m - i d x d n o n - q u o t e - 3 g r a m - i d x d i c k e n s
[2014-03-24 14:05:13] NOTSET: q u o t e - 3 g r a m - i d x d n o n - q u o t e - 3 g r a m - i d x d i c k e n s
[2014-03-24 14:04:53] NOTSET: q u o t e - 3 g r a m - i d x d n o n - q u o t e - 3 g r a m - i d x d i c k e n s
[2014-03-24 14:05:13] NOTSET: q u o t e - 3 g r a m - i d x d n o n - q u o t e - 3 g r a m - i d x d i c k e n s
[2014-03-24 14:05:34] NOTSET: q u o t e - 3 g r a m - i d x d n o n - q u o t e - 3 g r a m - i d x d i c k e n s
[2014-03-24 14:04:53] NOTSET: q u o t e - 3 g r a m - i d x d n o n - q u o t e - 3 g r a m - i d x d i c k e n s
[2014-03-24 14:05:13] NOTSET: q u o t e - 3 g r a m - i d x d n o n - q u o t e - 3 g r a m - i d x d i c k e n s
[2014-03-24 14:05:34] NOTSET: q u o t e - 3 g r a m - i d x d n o n - q u o t e - 3 g r a m - i d x d i c k e n s
[2014-03-24 14:05:54] NOTSET: q u o t e - 3 g r a m - i d x d n o n - q u o t e - 3 g r a m - i d x d i c k e n s
[2014-03-24 14:04:53] NOTSET: q u o t e - 3 g r a m - i d x d n o n - q u o t e - 3 g r a m - i d x d i c k e n s
[2014-03-24 14:05:13] NOTSET: q u o t e - 3 g r a m - i d x d n o n - q u o t e - 3 g r a m - i d x d i c k e n s
[2014-03-24 14:05:34] NOTSET: q u o t e - 3 g r a m - i d x d n o n - q u o t e - 3 g r a m - i d x d i c k e n s
[2014-03-24 14:05:54] NOTSET: q u o t e - 3 g r a m - i d x d n o n - q u o t e - 3 g r a m - i d x d i c k e n s
[2014-03-24 14:06:13] NOTSET: q u o t e - 3 g r a m - i d x d n o n - q u o t e - 3 g r a m - i d x d i c k e n s
[2014-03-24 14:04:53] NOTSET: q u o t e - 3 g r a m - i d x d n o n - q u o t e - 3 g r a m - i d x d i c k e n s
[2014-03-24 14:05:13] NOTSET: q u o t e - 3 g r a m - i d x d n o n - q u o t e - 3 g r a m - i d x d i c k e n s
[2014-03-24 14:05:34] NOTSET: q u o t e - 3 g r a m - i d x d n o n - q u o t e - 3 g r a m - i d x d i c k e n s
[2014-03-24 14:05:54] NOTSET: q u o t e - 3 g r a m - i d x d n o n - q u o t e - 3 g r a m - i d x d i c k e n s
[2014-03-24 14:06:13] NOTSET: q u o t e - 3 g r a m - i d x d n o n - q u o t e - 3 g r a m - i d x d i c k e n s
[2014-03-24 14:06:32] NOTSET: q u o t e - 3 g r a m - i d x d n o n - q u o t e - 3 g r a m - i d x d i c k e n s
[2014-03-24 14:37:34] NOTSET: q u o t e - 3 g r a m - i d x B H n o n - q u o t e - 3 g r a m - i d x d i c k e n s
[2014-03-24 14:52:26] NOTSET: q u o t e - 3 g r a m - i d x B H n o n - q u o t e - 3 g r a m - i d x d i c k e n s
[2014-03-24 14:57:48] NOTSET: q u o t e - 3 g r a m - i d x B H n o n - q u o t e - 3 g r a m - i d x d i c k e n s
[2014-03-24 14:57:48] NOTSET: q u o t e - 3 g r a m - i d x B H n o n - q u o t e - 3 g r a m - i d x d i c k e n s
[2014-03-24 14:58:15] NOTSET: q u o t e - 3 g r a m - i d x B H n o n - q u o t e - 3 g r a m - i d x d i c k e n s
[2014-03-24 14:57:48] NOTSET: q u o t e - 3 g r a m - i d x B H n o n - q u o t e - 3 g r a m - i d x d i c k e n s
[2014-03-24 14:58:15] NOTSET: q u o t e - 3 g r a m - i d x B H n o n - q u o t e - 3 g r a m - i d x d i c k e n s
[2014-03-24 14:59:10] NOTSET: q u o t e - 3 g r a m - i d x B H n o n - q u o t e - 3 g r a m - i d x d i c k e n s
[2014-03-24 14:57:48] NOTSET: q u o t e - 3 g r a m - i d x B H n o n - q u o t e - 3 g r a m - i d x d i c k e n s
[2014-03-24 14:58:15] NOTSET: q u o t e - 3 g r a m - i d x B H n o n - q u o t e - 3 g r a m - i d x d i c k e n s
[2014-03-24 14:59:10] NOTSET: q u o t e - 3 g r a m - i d x B H n o n - q u o t e - 3 g r a m - i d x d i c k e n s
[2014-03-24 14:59:41] NOTSET: q u o t e - 3 g r a m - i d x B H n o n - q u o t e - 3 g r a m - i d x d i c k e n s
[2014-03-24 14:57:48] NOTSET: q u o t e - 3 g r a m - i d x B H n o n - q u o t e - 3 g r a m - i d x d i c k e n s
[2014-03-24 14:58:15] NOTSET: q u o t e - 3 g r a m - i d x B H n o n - q u o t e - 3 g r a m - i d x d i c k e n s
[2014-03-24 14:59:10] NOTSET: q u o t e - 3 g r a m - i d x B H n o n - q u o t e - 3 g r a m - i d x d i c k e n s
[2014-03-24 14:59:41] NOTSET: q u o t e - 3 g r a m - i d x B H n o n - q u o t e - 3 g r a m - i d x d i c k e n s
[2014-03-24 14:59:59] NOTSET: q u o t e - 3 g r a m - i d x B H n o n - q u o t e - 3 g r a m - i d x d i c k e n s
[2014-03-24 15:09:38] NOTSET: q u o t e - 3 g r a m - i d x B H n o n - q u o t e - 3 g r a m - i d x G E
[2014-03-24 15:09:38] NOTSET: q u o t e - 3 g r a m - i d x B H n o n - q u o t e - 3 g r a m - i d x G E
[2014-03-24 15:09:49] NOTSET: q u o t e - 3 g r a m - i d x B H n o n - q u o t e - 3 g r a m - i d x G E
[2014-03-24 15:09:38] NOTSET: q u o t e - 3 g r a m - i d x B H n o n - q u o t e - 3 g r a m - i d x G E
[2014-03-24 15:09:49] NOTSET: q u o t e - 3 g r a m - i d x B H n o n - q u o t e - 3 g r a m - i d x G E
[2014-03-24 15:10:09] NOTSET: q u o t e - 3 g r a m - i d x B H n o n - q u o t e - 3 g r a m - i d x G E
[2014-03-24 15:09:38] NOTSET: q u o t e - 3 g r a m - i d x B H n o n - q u o t e - 3 g r a m - i d x G E
[2014-03-24 15:09:49] NOTSET: q u o t e - 3 g r a m - i d x B H n o n - q u o t e - 3 g r a m - i d x G E
[2014-03-24 15:10:09] NOTSET: q u o t e - 3 g r a m - i d x B H n o n - q u o t e - 3 g r a m - i d x G E
[2014-03-24 15:10:17] NOTSET: q u o t e - 3 g r a m - i d x B H n o n - q u o t e - 3 g r a m - i d x G E
[2014-03-24 15:09:38] NOTSET: q u o t e - 3 g r a m - i d x B H n o n - q u o t e - 3 g r a m - i d x G E
[2014-03-24 15:09:49] NOTSET: q u o t e - 3 g r a m - i d x B H n o n - q u o t e - 3 g r a m - i d x G E
[2014-03-24 15:10:09] NOTSET: q u o t e - 3 g r a m - i d x B H n o n - q u o t e - 3 g r a m - i d x G E
[2014-03-24 15:10:17] NOTSET: q u o t e - 3 g r a m - i d x B H n o n - q u o t e - 3 g r a m - i d x G E
[2014-03-24 15:10:21] NOTSET: q u o t e - 3 g r a m - i d x B H n o n - q u o t e - 3 g r a m - i d x G E
[2014-03-24 15:09:38] NOTSET: q u o t e - 3 g r a m - i d x B H n o n - q u o t e - 3 g r a m - i d x G E
[2014-03-24 15:09:49] NOTSET: q u o t e - 3 g r a m - i d x B H n o n - q u o t e - 3 g r a m - i d x G E
[2014-03-24 15:10:09] NOTSET: q u o t e - 3 g r a m - i d x B H n o n - q u o t e - 3 g r a m - i d x G E
[2014-03-24 15:10:17] NOTSET: q u o t e - 3 g r a m - i d x B H n o n - q u o t e - 3 g r a m - i d x G E
[2014-03-24 15:10:21] NOTSET: q u o t e - 3 g r a m - i d x B H n o n - q u o t e - 3 g r a m - i d x G E
[2014-03-24 15:10:39] NOTSET: q u o t e - 3 g r a m - i d x L D n o n - q u o t e - 3 g r a m - i d x N N
[2014-03-24 15:09:38] NOTSET: q u o t e - 3 g r a m - i d x B H n o n - q u o t e - 3 g r a m - i d x G E
[2014-03-24 15:09:49] NOTSET: q u o t e - 3 g r a m - i d x B H n o n - q u o t e - 3 g r a m - i d x G E
[2014-03-24 15:10:09] NOTSET: q u o t e - 3 g r a m - i d x B H n o n - q u o t e - 3 g r a m - i d x G E
[2014-03-24 15:10:17] NOTSET: q u o t e - 3 g r a m - i d x B H n o n - q u o t e - 3 g r a m - i d x G E
[2014-03-24 15:10:21] NOTSET: q u o t e - 3 g r a m - i d x B H n o n - q u o t e - 3 g r a m - i d x G E
[2014-03-24 15:10:39] NOTSET: q u o t e - 3 g r a m - i d x L D n o n - q u o t e - 3 g r a m - i d x N N
[2014-03-24 15:11:39] NOTSET: q u o t e - 3 g r a m - i d x E D n o n - q u o t e - 3 g r a m - i d x N N
[2014-03-24 15:16:37] NOTSET: q u o t e - 3 g r a m - i d x E D n o n - q u o t e - 3 g r a m - i d x N N
[2014-03-24 15:16:37] NOTSET: q u o t e - 3 g r a m - i d x E D n o n - q u o t e - 3 g r a m - i d x N N
[2014-03-24 15:17:15] NOTSET: q u o t e - 3 g r a m - i d x d i c k e n s n o n - q u o t e - 3 g r a m - i d x d i c k e n s
[2014-03-24 17:26:58] NOTSET: q u o t e - 3 g r a m - i d x B H n o n - q u o t e - 3 g r a m - i d x N N
[2014-03-24 17:26:58] NOTSET: q u o t e - 3 g r a m - i d x B H n o n - q u o t e - 3 g r a m - i d x N N
[2014-03-25 10:34:45] NOTSET: q u o t e - 3 g r a m - i d x B H n o n - q u o t e - 3 g r a m - i d x N N
[2014-03-25 11:04:01] NOTSET: q u o t e - 3 g r a m - i d x G E n o n - q u o t e - 3 g r a m - i d x O M F
[2014-03-25 12:14:42] NOTSET: q u o t e - 3 g r a m - i d x G E n o n - q u o t e - 3 g r a m - i d x O M F
[2014-03-25 12:38:24] NOTSET: q u o t e - 3 g r a m - i d x G E n o n - q u o t e - 3 g r a m - i d x O M F
[2014-03-25 13:39:19] NOTSET: q u o t e - 3 g r a m - i d x G E n o n - q u o t e - 3 g r a m - i d x O M F
[2014-03-25 13:39:19] NOTSET: q u o t e - 3 g r a m - i d x G E n o n - q u o t e - 3 g r a m - i d x O M F
[2014-03-25 13:41:46] NOTSET: q u o t e - 3 g r a m - i d x G E n o n - q u o t e - 3 g r a m - i d x O M F
[2014-03-25 14:44:54] NOTSET: q u o t e - 3 g r a m - i d x G E n o n - q u o t e - 3 g r a m - i d x O M F
[2014-03-25 14:44:54] NOTSET: q u o t e - 3 g r a m - i d x G E n o n - q u o t e - 3 g r a m - i d x O M F
[2014-03-25 14:45:08] NOTSET: q u o t e - 3 g r a m - i d x G E n o n - q u o t e - 3 g r a m - i d x O M F
[2014-03-25 17:56:59] NOTSET: q u o t e - 3 g r a m - i d x G E n o n - q u o t e - 3 g r a m - i d x O M F
[2014-03-25 17:56:59] NOTSET: q u o t e - 3 g r a m - i d x G E n o n - q u o t e - 3 g r a m - i d x O M F
[2014-03-26 09:25:56] NOTSET: q u o t e - 3 g r a m - i d x G E n o n - q u o t e - 3 g r a m - i d x O M F
[2014-03-26 10:00:19] NOTSET: q u o t e - 3 g r a m - i d x G E n o n - q u o t e - 3 g r a m - i d x O M F
[2014-03-26 10:14:16] NOTSET: q u o t e - 3 g r a m - i d x G E n o n - q u o t e - 3 g r a m - i d x O M F
[2014-03-26 10:14:16] NOTSET: q u o t e - 3 g r a m - i d x G E n o n - q u o t e - 3 g r a m - i d x O M F
[2014-03-26 10:17:49] NOTSET: q u o t e - 3 g r a m - i d x G E n o n - q u o t e - 3 g r a m - i d x O M F
[2014-03-26 10:21:12] NOTSET: q u o t e - 3 g r a m - i d x G E n o n - q u o t e - 3 g r a m - i d x O M F
[2014-03-26 10:21:12] NOTSET: q u o t e - 3 g r a m - i d x G E n o n - q u o t e - 3 g r a m - i d x O M F
[2014-03-26 10:21:38] NOTSET: q u o t e - 3 g r a m - i d x G E n o n - q u o t e - 3 g r a m - i d x O M F
[2014-03-26 10:21:12] NOTSET: q u o t e - 3 g r a m - i d x G E n o n - q u o t e - 3 g r a m - i d x O M F
[2014-03-26 10:21:38] NOTSET: q u o t e - 3 g r a m - i d x G E n o n - q u o t e - 3 g r a m - i d x O M F
[2014-03-26 10:36:21] NOTSET: q u o t e - 3 g r a m - i d x G E n o n - q u o t e - 3 g r a m - i d x O M F
[2014-03-26 10:21:12] NOTSET: q u o t e - 3 g r a m - i d x G E n o n - q u o t e - 3 g r a m - i d x O M F
[2014-03-26 10:21:38] NOTSET: q u o t e - 3 g r a m - i d x G E n o n - q u o t e - 3 g r a m - i d x O M F
[2014-03-26 10:36:21] NOTSET: q u o t e - 3 g r a m - i d x G E n o n - q u o t e - 3 g r a m - i d x O M F
[2014-03-26 10:36:28] NOTSET: q u o t e - 3 g r a m - i d x G E n o n - q u o t e - 3 g r a m - i d x O M F
[2014-03-26 11:18:11] NOTSET: q u o t e - 3 g r a m - i d x G E n o n - q u o t e - 3 g r a m - i d x O M F
[2014-03-26 11:18:11] NOTSET: q u o t e - 3 g r a m - i d x G E n o n - q u o t e - 3 g r a m - i d x O M F
[2014-03-26 11:18:14] NOTSET: q u o t e - 3 g r a m - i d x G E n o n - q u o t e - 3 g r a m - i d x O M F
[2014-03-26 11:19:29] NOTSET: q u o t e - 3 g r a m - i d x G E n o n - q u o t e - 3 g r a m - i d x O M F
[2014-03-26 11:20:51] NOTSET: q u o t e - 3 g r a m - i d x G E n o n - q u o t e - 3 g r a m - i d x O M F
[2014-03-26 11:21:56] NOTSET: q u o t e - 3 g r a m - i d x G E n o n - q u o t e - 3 g r a m - i d x O M F
[2014-03-26 11:21:56] NOTSET: q u o t e - 3 g r a m - i d x G E n o n - q u o t e - 3 g r a m - i d x O M F
[2014-03-26 11:22:15] NOTSET: q u o t e - 3 g r a m - i d x G E n o n - q u o t e - 3 g r a m - i d x O M F
[2014-03-26 11:24:30] NOTSET: q u o t e - 3 g r a m - i d x G E n o n - q u o t e - 3 g r a m - i d x O M F
[2014-03-26 11:24:30] NOTSET: q u o t e - 3 g r a m - i d x G E n o n - q u o t e - 3 g r a m - i d x O M F
[2014-03-26 11:35:14] NOTSET: q u o t e - 3 g r a m - i d x G E n o n - q u o t e - 3 g r a m - i d x O M F
[2014-03-26 11:24:30] NOTSET: q u o t e - 3 g r a m - i d x G E n o n - q u o t e - 3 g r a m - i d x O M F
[2014-03-26 11:35:14] NOTSET: q u o t e - 3 g r a m - i d x G E n o n - q u o t e - 3 g r a m - i d x O M F
[2014-03-26 11:35:38] NOTSET: q u o t e - 3 g r a m - i d x G E n o n - q u o t e - 3 g r a m - i d x O M F
[2014-03-26 11:24:30] NOTSET: q u o t e - 3 g r a m - i d x G E n o n - q u o t e - 3 g r a m - i d x O M F
[2014-03-26 11:35:14] NOTSET: q u o t e - 3 g r a m - i d x G E n o n - q u o t e - 3 g r a m - i d x O M F
[2014-03-26 11:35:38] NOTSET: q u o t e - 3 g r a m - i d x G E n o n - q u o t e - 3 g r a m - i d x O M F
[2014-03-26 11:36:24] NOTSET: q u o t e - 3 g r a m - i d x G E n o n - q u o t e - 3 g r a m - i d x O M F
[2014-03-26 11:24:30] NOTSET: q u o t e - 3 g r a m - i d x G E n o n - q u o t e - 3 g r a m - i d x O M F
[2014-03-26 11:35:14] NOTSET: q u o t e - 3 g r a m - i d x G E n o n - q u o t e - 3 g r a m - i d x O M F
[2014-03-26 11:35:38] NOTSET: q u o t e - 3 g r a m - i d x G E n o n - q u o t e - 3 g r a m - i d x O M F
[2014-03-26 11:36:24] NOTSET: q u o t e - 3 g r a m - i d x G E n o n - q u o t e - 3 g r a m - i d x O M F
[2014-03-26 11:38:04] NOTSET: q u o t e - 3 g r a m - i d x G E n o n - q u o t e - 3 g r a m - i d x O M F
[2014-03-26 11:39:16] NOTSET: q u o t e - 3 g r a m - i d x G E n o n - q u o t e - 3 g r a m - i d x O M F
[2014-03-26 14:09:45] NOTSET: q u o t e - 3 g r a m - i d x G E s e n t e n c e - i d x O M F
