\BOOKMARK [0][-]{chapter.1}{CLiC for end-users}{}% 1
\BOOKMARK [1][-]{section.1.1}{Definitions}{chapter.1}% 2
\BOOKMARK [1][-]{section.1.2}{The underlying annotation}{chapter.1}% 3
\BOOKMARK [1][-]{section.1.3}{The corpora}{chapter.1}% 4
\BOOKMARK [1][-]{section.1.4}{How to use ...}{chapter.1}% 5
\BOOKMARK [2][-]{subsection.1.4.1}{the concordance}{section.1.4}% 6
\BOOKMARK [2][-]{subsection.1.4.2}{clusters}{section.1.4}% 7
\BOOKMARK [2][-]{subsection.1.4.3}{keywords}{section.1.4}% 8
\BOOKMARK [2][-]{subsection.1.4.4}{subsets}{section.1.4}% 9
\BOOKMARK [2][-]{subsection.1.4.5}{patterns}{section.1.4}% 10
\BOOKMARK [2][-]{subsection.1.4.6}{user annotation}{section.1.4}% 11
\BOOKMARK [0][-]{chapter.2}{CLiC for administrators}{}% 12
\BOOKMARK [1][-]{section.2.1}{Installing CLiC on your own server}{chapter.2}% 13
\BOOKMARK [2][-]{subsection.2.1.1}{Step 1: Install Docker on a vanilla Ubuntu server}{section.2.1}% 14
\BOOKMARK [2][-]{subsection.2.1.2}{Step 2: Configure Docker}{section.2.1}% 15
\BOOKMARK [2][-]{subsection.2.1.3}{Excursus: Quick Docker command guide}{section.2.1}% 16
\BOOKMARK [2][-]{subsection.2.1.4}{Step 3: Get CLiC's Docker image}{section.2.1}% 17
\BOOKMARK [2][-]{subsection.2.1.5}{Step 4: Get the indexes, stores, and code}{section.2.1}% 18
\BOOKMARK [2][-]{subsection.2.1.6}{Step 5: Run the Docker container}{section.2.1}% 19
\BOOKMARK [2][-]{subsection.2.1.7}{Enjoy, unless ...}{section.2.1}% 20
\BOOKMARK [1][-]{section.2.2}{Installing CLiC on your own computer}{chapter.2}% 21
\BOOKMARK [1][-]{section.2.3}{Run the tests}{chapter.2}% 22
\BOOKMARK [0][-]{chapter.3}{CLiC for developers}{}% 23
\BOOKMARK [1][-]{section.3.1}{Cheshire3}{chapter.3}% 24
\BOOKMARK [2][-]{subsection.3.1.1}{The data-model}{section.3.1}% 25
\BOOKMARK [1][-]{section.3.2}{CLiC Concordance}{chapter.3}% 26
\BOOKMARK [1][-]{section.3.3}{CLiC Clusters}{chapter.3}% 27
\BOOKMARK [1][-]{section.3.4}{CLiC Keywords}{chapter.3}% 28
\BOOKMARK [2][-]{subsection.3.4.1}{Usage as follows:}{section.3.4}% 29
\BOOKMARK [2][-]{subsection.3.4.2}{Or using text files as input:}{section.3.4}% 30
\BOOKMARK [1][-]{section.3.5}{CLiC Chapter Repository}{chapter.3}% 31
\BOOKMARK [1][-]{section.3.6}{CLiC KWICgrouper}{chapter.3}% 32
\BOOKMARK [1][-]{section.3.7}{CLiC Normalizer}{chapter.3}% 33
\BOOKMARK [1][-]{section.3.8}{CLiC Query Builder}{chapter.3}% 34
\BOOKMARK [1][-]{section.3.9}{CLiC Web app}{chapter.3}% 35
\BOOKMARK [2][-]{subsection.3.9.1}{Index}{section.3.9}% 36
\BOOKMARK [2][-]{subsection.3.9.2}{API}{section.3.9}% 37
\BOOKMARK [2][-]{subsection.3.9.3}{Models}{section.3.9}% 38
\BOOKMARK [1][-]{section.3.10}{How to run the local development server?::}{chapter.3}% 39
\BOOKMARK [1][-]{section.3.11}{How to run new indexes?::}{chapter.3}% 40
\BOOKMARK [0][-]{chapter.4}{Reporting issues}{}% 41
\BOOKMARK [0][-]{chapter.5}{Indices and tables}{}% 42
\BOOKMARK [0][-]{section*.31}{Python Module Index}{}% 43
\BOOKMARK [0][-]{section*.32}{Index}{}% 44
